1562074389.951144 client started (5816): version 2.6, socket /tmp/tmux-1000/default, protocol 8
1562074389.951203 on Linux 4.15.0-47-generic #50-Ubuntu SMP Wed Mar 13 10:44:52 UTC 2019; libevent 2.1.8-stable (poll)
1562074389.951244 socket is /tmp/tmux-1000/default
1562074389.951269 trying connect
1562074389.951415 add peer 0x55a4652a3a90: 6 ((nil))
1562074389.951529 sending message 100 to peer 0x55a4652a3a90 (4 bytes)
1562074389.951550 sending message 101 to peer 0x55a4652a3a90 (15 bytes)
1562074389.951563 sending message 102 to peer 0x55a4652a3a90 (11 bytes)
1562074389.951574 sending message 108 to peer 0x55a4652a3a90 (31 bytes)
1562074389.951589 sending message 104 to peer 0x55a4652a3a90 (0 bytes)
1562074389.951603 sending message 107 to peer 0x55a4652a3a90 (4 bytes)
1562074389.951614 sending message 105 to peer 0x55a4652a3a90 (22 bytes)
1562074389.951631 sending message 105 to peer 0x55a4652a3a90 (1516 bytes)
1562074389.951661 sending message 105 to peer 0x55a4652a3a90 (34 bytes)
1562074389.951673 sending message 105 to peer 0x55a4652a3a90 (23 bytes)
1562074389.951685 sending message 105 to peer 0x55a4652a3a90 (17 bytes)
1562074389.951697 sending message 105 to peer 0x55a4652a3a90 (11 bytes)
1562074389.951708 sending message 105 to peer 0x55a4652a3a90 (22 bytes)
1562074389.951720 sending message 105 to peer 0x55a4652a3a90 (46 bytes)
1562074389.951731 sending message 105 to peer 0x55a4652a3a90 (32 bytes)
1562074389.951742 sending message 105 to peer 0x55a4652a3a90 (20 bytes)
1562074389.951754 sending message 105 to peer 0x55a4652a3a90 (18 bytes)
1562074389.951765 sending message 105 to peer 0x55a4652a3a90 (61 bytes)
1562074389.951776 sending message 105 to peer 0x55a4652a3a90 (11 bytes)
1562074389.951788 sending message 105 to peer 0x55a4652a3a90 (41 bytes)
1562074389.951799 sending message 105 to peer 0x55a4652a3a90 (54 bytes)
1562074389.951811 sending message 105 to peer 0x55a4652a3a90 (14 bytes)
1562074389.951822 sending message 105 to peer 0x55a4652a3a90 (17 bytes)
1562074389.951834 sending message 105 to peer 0x55a4652a3a90 (14 bytes)
1562074389.951845 sending message 105 to peer 0x55a4652a3a90 (23 bytes)
1562074389.951856 sending message 105 to peer 0x55a4652a3a90 (18 bytes)
1562074389.951868 sending message 105 to peer 0x55a4652a3a90 (33 bytes)
1562074389.951880 sending message 105 to peer 0x55a4652a3a90 (86 bytes)
1562074389.951892 sending message 105 to peer 0x55a4652a3a90 (51 bytes)
1562074389.951904 sending message 105 to peer 0x55a4652a3a90 (35 bytes)
1562074389.951915 sending message 105 to peer 0x55a4652a3a90 (20 bytes)
1562074389.951926 sending message 105 to peer 0x55a4652a3a90 (21 bytes)
1562074389.951938 sending message 105 to peer 0x55a4652a3a90 (19 bytes)
1562074389.951949 sending message 105 to peer 0x55a4652a3a90 (19 bytes)
1562074389.951961 sending message 105 to peer 0x55a4652a3a90 (21 bytes)
1562074389.951973 sending message 105 to peer 0x55a4652a3a90 (83 bytes)
1562074389.951984 sending message 105 to peer 0x55a4652a3a90 (27 bytes)
1562074389.951996 sending message 105 to peer 0x55a4652a3a90 (24 bytes)
1562074389.952008 sending message 105 to peer 0x55a4652a3a90 (34 bytes)
1562074389.952019 sending message 105 to peer 0x55a4652a3a90 (28 bytes)
1562074389.952030 sending message 105 to peer 0x55a4652a3a90 (13 bytes)
1562074389.952042 sending message 105 to peer 0x55a4652a3a90 (20 bytes)
1562074389.952053 sending message 105 to peer 0x55a4652a3a90 (16 bytes)
1562074389.952065 sending message 105 to peer 0x55a4652a3a90 (17 bytes)
1562074389.952076 sending message 105 to peer 0x55a4652a3a90 (18 bytes)
1562074389.952087 sending message 105 to peer 0x55a4652a3a90 (20 bytes)
1562074389.952098 sending message 105 to peer 0x55a4652a3a90 (18 bytes)
1562074389.952109 sending message 105 to peer 0x55a4652a3a90 (56 bytes)
1562074389.952121 sending message 105 to peer 0x55a4652a3a90 (33 bytes)
1562074389.952133 sending message 105 to peer 0x55a4652a3a90 (52 bytes)
1562074389.952144 sending message 105 to peer 0x55a4652a3a90 (30 bytes)
1562074389.952155 sending message 105 to peer 0x55a4652a3a90 (15 bytes)
1562074389.952167 sending message 105 to peer 0x55a4652a3a90 (8 bytes)
1562074389.952192 sending message 105 to peer 0x55a4652a3a90 (18 bytes)
1562074389.952204 sending message 105 to peer 0x55a4652a3a90 (44 bytes)
1562074389.952215 sending message 105 to peer 0x55a4652a3a90 (17 bytes)
1562074389.952226 sending message 105 to peer 0x55a4652a3a90 (54 bytes)
1562074389.952238 sending message 105 to peer 0x55a4652a3a90 (31 bytes)
1562074389.952249 sending message 105 to peer 0x55a4652a3a90 (41 bytes)
1562074389.952260 sending message 105 to peer 0x55a4652a3a90 (45 bytes)
1562074389.952272 sending message 105 to peer 0x55a4652a3a90 (361 bytes)
1562074389.952283 sending message 105 to peer 0x55a4652a3a90 (25 bytes)
1562074389.952295 sending message 105 to peer 0x55a4652a3a90 (33 bytes)
1562074389.952306 sending message 105 to peer 0x55a4652a3a90 (24 bytes)
1562074389.952317 sending message 105 to peer 0x55a4652a3a90 (82 bytes)
1562074389.952332 sending message 105 to peer 0x55a4652a3a90 (32 bytes)
1562074389.952344 sending message 105 to peer 0x55a4652a3a90 (19 bytes)
1562074389.952355 sending message 105 to peer 0x55a4652a3a90 (16 bytes)
1562074389.952366 sending message 105 to peer 0x55a4652a3a90 (16 bytes)
1562074389.952377 sending message 106 to peer 0x55a4652a3a90 (0 bytes)
1562074389.952389 sending message 200 to peer 0x55a4652a3a90 (4 bytes)
1562074389.952400 client loop enter
1562074389.959107 peer 0x55a4652a3a90 message 207
1562074389.959158 sending message 208 to peer 0x55a4652a3a90 (0 bytes)
1562074396.038088 peer 0x55a4652a3a90 message 203
1562074396.038113 sending message 205 to peer 0x55a4652a3a90 (0 bytes)
1562074396.038667 peer 0x55a4652a3a90 message 204
1562074396.038681 client loop exit
